This is pdfTeX, Version 3.141592653-2.6-1.40.22 (MiKTeX 21.2) (preloaded format=pdflatex 2021.5.16)  16 MAY 2021 15:09
entering extended mode
**./refman.tex
(refman.tex
LaTeX2e <2020-10-01> patch level 4
L3 programming layer <2021-02-18> xparse <2020-03-03>
(C:\Users\jakla\AppData\Local\Programs\MiKTeX\tex/latex/base\book.cls
Document Class: book 2020/04/10 v1.4m Standard LaTeX document class
(C:\Users\jakla\AppData\Local\Programs\MiKTeX\tex/latex/base\bk10.clo
File: bk10.clo 2020/04/10 v1.4m Standard LaTeX file (size option)
)
\c@part=\count179
\c@chapter=\count180
\c@section=\count181
\c@subsection=\count182
\c@subsubsection=\count183
\c@paragraph=\count184
\c@subparagraph=\count185
\c@figure=\count186
\c@table=\count187
\abovecaptionskip=\skip47
\belowcaptionskip=\skip48
\bibindent=\dimen138
)
(C:\Users\jakla\AppData\Local\Programs\MiKTeX\tex/latex/base\ifthen.sty
Package: ifthen 2014/09/29 v1.1c Standard LaTeX ifthen package (DPC)
)
(C:\Users\jakla\AppData\Local\Programs\MiKTeX\tex/latex/latex-tools\array.sty
Rollback for package 'array' requested -> date 2016-10-06.
         Best approximation is the release introduced on 2016-10-06.

(C:\Users\jakla\AppData\Local\Programs\MiKTeX\tex/latex/latex-tools\array-2016-
10-06.sty
Package: array 2016/10/06 v2.4d Tabular extension package (FMi)
\col@sep=\dimen139
\extrarowheight=\dimen140
\NC@list=\toks15
\extratabsurround=\skip49
\backup@length=\skip50
))
(C:\Users\jakla\AppData\Local\Programs\MiKTeX\tex/latex/base\fixltx2e.sty
Package: fixltx2e 2016/12/29 v2.1a fixes to LaTeX (obsolete)
Applying: [2015/01/01] Old fixltx2e package on input line 46.


Package fixltx2e Warning: fixltx2e is not required with releases after 2015
(fixltx2e)                All fixes are now in the LaTeX kernel.
(fixltx2e)                See the latexrelease package for details.

Already applied: [0000/00/00] Old fixltx2e package on input line 53.
) (C:\Users\jakla\AppData\Local\Programs\MiKTeX\tex/latex/latex-tools\calc.sty
Package: calc 2017/05/25 v4.3 Infix arithmetic (KKT,FJ)
\calc@Acount=\count188
\calc@Bcount=\count189
\calc@Adimen=\dimen141
\calc@Bdimen=\dimen142
\calc@Askip=\skip51
\calc@Bskip=\skip52
LaTeX Info: Redefining \setlength on input line 80.
LaTeX Info: Redefining \addtolength on input line 81.
\calc@Ccount=\count190
\calc@Cskip=\skip53
) (doxygen.sty
Package: doxygen 

(C:\Users\jakla\AppData\Local\Programs\MiKTeX\tex/latex/base\alltt.sty
Package: alltt 1997/06/16 v2.0g defines alltt environment
)
(C:\Users\jakla\AppData\Local\Programs\MiKTeX\tex/latex/float\float.sty
Package: float 2001/11/08 v1.3d Float enhancements (AL)
\c@float@type=\count191
\float@exts=\toks16
\float@box=\box47
\@float@everytoks=\toks17
\@floatcapt=\box48
)
(C:\Users\jakla\AppData\Local\Programs\MiKTeX\tex/latex/latex-tools\verbatim.st
y
Package: verbatim 2020-07-07 v1.5u LaTeX2e package for verbatim enhancements
\every@verbatim=\toks18
\verbatim@line=\toks19
\verbatim@in@stream=\read2
) (C:\Users\jakla\AppData\Local\Programs\MiKTeX\tex/latex/xcolor\xcolor.sty
Package: xcolor 2016/05/11 v2.12 LaTeX color extensions (UK)

(C:\Users\jakla\AppData\Local\Programs\MiKTeX\tex/latex/graphics-cfg\color.cfg
File: color.cfg 2016/01/02 v1.6 sample color configuration
)
Package xcolor Info: Driver file: pdftex.def on input line 225.

(C:\Users\jakla\AppData\Local\Programs\MiKTeX\tex/latex/graphics-def\pdftex.def
File: pdftex.def 2020/10/05 v1.2a Graphics/color driver for pdftex
) (C:\Users\jakla\AppData\Local\Programs\MiKTeX\tex/latex/colortbl\colortbl.sty
Package: colortbl 2020/01/04 v1.0e Color table columns (DPC)
\everycr=\toks20
\minrowclearance=\skip54
)
\rownum=\count192
Package xcolor Info: Model `cmy' substituted by `cmy0' on input line 1348.
Package xcolor Info: Model `hsb' substituted by `rgb' on input line 1352.
Package xcolor Info: Model `RGB' extended on input line 1364.
Package xcolor Info: Model `HTML' substituted by `rgb' on input line 1366.
Package xcolor Info: Model `Hsb' substituted by `hsb' on input line 1367.
Package xcolor Info: Model `tHsb' substituted by `hsb' on input line 1368.
Package xcolor Info: Model `HSB' substituted by `hsb' on input line 1369.
Package xcolor Info: Model `Gray' substituted by `gray' on input line 1370.
Package xcolor Info: Model `wave' substituted by `hsb' on input line 1371.
) (longtable_doxygen.sty
Package: longtable_doxygen 2014/10/28 v4.11 Multi-page Table package (DPC) - fr
ozen version for doxygen
\LTleft=\skip55
\LTright=\skip56
\LTpre=\skip57
\LTpost=\skip58
\LTchunksize=\count193
\LTcapwidth=\dimen143
\LT@head=\box49
\LT@firsthead=\box50
\LT@foot=\box51
\LT@lastfoot=\box52
\LT@cols=\count194
\LT@rows=\count195
\c@LT@tables=\count196
\c@LT@chunks=\count197
\LT@p@ftn=\toks21
) (tabu_doxygen.sty
Package: tabu_doxygen 2011/02/26 v2.8 - flexible LaTeX tabulars (FC), frozen ve
rsion for doxygen

(C:\Users\jakla\AppData\Local\Programs\MiKTeX\tex/latex/varwidth\varwidth.sty
Package: varwidth 2009/03/30 ver 0.92;  Variable-width minipages
\@vwid@box=\box53
\sift@deathcycles=\count198
\@vwid@loff=\dimen144
\@vwid@roff=\dimen145
)
\c@taburow=\count199
\tabu@nbcols=\count266
\tabu@cnt=\count267
\tabu@Xcol=\count268
\tabu@alloc=\count269
\tabu@nested=\count270
\tabu@target=\dimen146
\tabu@spreadtarget=\dimen147
\tabu@naturalX=\dimen148
\tabucolX=\dimen149
\tabu@Xsum=\dimen150
\extrarowdepth=\dimen151
\abovetabulinesep=\dimen152
\belowtabulinesep=\dimen153
\tabustrutrule=\dimen154
\tabu@thebody=\toks22
\tabu@footnotes=\toks23
\tabu@box=\box54
\tabu@arstrutbox=\box55
\tabu@hleads=\box56
\tabu@vleads=\box57
\tabu@cellskip=\skip59
) (C:\Users\jakla\AppData\Local\Programs\MiKTeX\tex/latex/fancyvrb\fancyvrb.sty
Package: fancyvrb 2021/01/20 v3.7 verbatim text (tvz,hv)

(C:\Users\jakla\AppData\Local\Programs\MiKTeX\tex/latex/graphics\keyval.sty
Package: keyval 2014/10/28 v1.15 key=value parser (DPC)
\KV@toks@=\toks24
)
\FV@CodeLineNo=\count271
\FV@InFile=\read3
\FV@TabBox=\box58
\c@FancyVerbLine=\count272
\FV@StepNumber=\count273
\FV@OutFile=\write3
)
(C:\Users\jakla\AppData\Local\Programs\MiKTeX\tex/latex/latex-tools\tabularx.st
y
Package: tabularx 2020/01/15 v2.11c `tabularx' package (DPC)
\TX@col@width=\dimen155
\TX@old@table=\dimen156
\TX@old@col=\dimen157
\TX@target=\dimen158
\TX@delta=\dimen159
\TX@cols=\count274
\TX@ftn=\toks25
)
(C:\Users\jakla\AppData\Local\Programs\MiKTeX\tex/latex/multirow\multirow.sty
Package: multirow 2021/03/15 v2.8 Span multiple rows of a table
\multirow@colwidth=\skip60
\multirow@cntb=\count275
\multirow@dima=\skip61
\bigstrutjot=\dimen160
)
(C:\Users\jakla\AppData\Local\Programs\MiKTeX\tex/latex/hanging\hanging.sty
Package: hanging 2009/09/02 v1.2b hanging paragraphs and punctuation
\h@ngcommawd=\skip62
\h@ngfstopwd=\skip63
\h@ngquotewd=\skip64
\h@ngdquotewd=\skip65
\h@ngquerywd=\skip66
\h@ngexclwd=\skip67
\h@ngcolonwd=\skip68
\h@ngscolonwd=\skip69
)
(C:\Users\jakla\AppData\Local\Programs\MiKTeX\tex/generic/iftex\ifpdf.sty
Package: ifpdf 2019/10/25 v3.4 ifpdf legacy package. Use iftex instead.

(C:\Users\jakla\AppData\Local\Programs\MiKTeX\tex/generic/iftex\iftex.sty
Package: iftex 2020/03/06 v1.0d TeX engine tests
))
(C:\Users\jakla\AppData\Local\Programs\MiKTeX\tex/latex/adjustbox\adjustbox.sty
Package: adjustbox 2020/08/19 v1.3 Adjusting TeX boxes (trim, clip, ...)
(C:\Users\jakla\AppData\Local\Programs\MiKTeX\tex/latex/xkeyval\xkeyval.sty
Package: xkeyval 2020/11/20 v2.8 package option processing (HA)

(C:\Users\jakla\AppData\Local\Programs\MiKTeX\tex/generic/xkeyval\xkeyval.tex
(C:\Users\jakla\AppData\Local\Programs\MiKTeX\tex/generic/xkeyval\xkvutils.tex
\XKV@toks=\toks26
\XKV@tempa@toks=\toks27
)
\XKV@depth=\count276
File: xkeyval.tex 2014/12/03 v2.7a key=value parser (HA)
))
(C:\Users\jakla\AppData\Local\Programs\MiKTeX\tex/latex/adjustbox\adjcalc.sty
Package: adjcalc 2012/05/16 v1.1 Provides advanced setlength with multiple back
-ends (calc, etex, pgfmath)
)
(C:\Users\jakla\AppData\Local\Programs\MiKTeX\tex/latex/adjustbox\trimclip.sty
Package: trimclip 2020/08/19 v1.2 Trim and clip general TeX material

(C:\Users\jakla\AppData\Local\Programs\MiKTeX\tex/latex/graphics\graphicx.sty
Package: graphicx 2020/09/09 v1.2b Enhanced LaTeX Graphics (DPC,SPQR)

(C:\Users\jakla\AppData\Local\Programs\MiKTeX\tex/latex/graphics\graphics.sty
Package: graphics 2020/08/30 v1.4c Standard LaTeX Graphics (DPC,SPQR)

(C:\Users\jakla\AppData\Local\Programs\MiKTeX\tex/latex/graphics\trig.sty
Package: trig 2016/01/03 v1.10 sin cos tan (DPC)
)
(C:\Users\jakla\AppData\Local\Programs\MiKTeX\tex/latex/graphics-cfg\graphics.c
fg
File: graphics.cfg 2016/06/04 v1.11 sample graphics configuration
)
Package graphics Info: Driver file: pdftex.def on input line 105.
)
\Gin@req@height=\dimen161
\Gin@req@width=\dimen162
)
(C:\Users\jakla\AppData\Local\Programs\MiKTeX\tex/latex/collectbox\collectbox.s
ty
Package: collectbox 2012/05/17 v0.4b Collect macro arguments as boxes
\collectedbox=\box59
)
\tc@llx=\dimen163
\tc@lly=\dimen164
\tc@urx=\dimen165
\tc@ury=\dimen166
Package trimclip Info: Using driver 'tc-pdftex.def'.

(C:\Users\jakla\AppData\Local\Programs\MiKTeX\tex/latex/adjustbox\tc-pdftex.def
File: tc-pdftex.def 2019/01/04 v2.2 Clipping driver for pdftex
))
\adjbox@Width=\dimen167
\adjbox@Height=\dimen168
\adjbox@Depth=\dimen169
\adjbox@Totalheight=\dimen170
\adjbox@pwidth=\dimen171
\adjbox@pheight=\dimen172
\adjbox@pdepth=\dimen173
\adjbox@ptotalheight=\dimen174

(C:\Users\jakla\AppData\Local\Programs\MiKTeX\tex/latex/ifoddpage\ifoddpage.sty
Package: ifoddpage 2016/04/23 v1.1 Conditionals for odd/even page detection
\c@checkoddpage=\count277
)) (C:\Users\jakla\AppData\Local\Programs\MiKTeX\tex/latex/amsfonts\amssymb.sty
Package: amssymb 2013/01/14 v3.01 AMS font symbols
(C:\Users\jakla\AppData\Local\Programs\MiKTeX\tex/latex/amsfonts\amsfonts.sty
Package: amsfonts 2013/01/14 v3.01 Basic AMSFonts support
\@emptytoks=\toks28
\symAMSa=\mathgroup4
\symAMSb=\mathgroup5
LaTeX Font Info:    Redeclaring math symbol \hbar on input line 98.
LaTeX Font Info:    Overwriting math alphabet `\mathfrak' in version `bold'
(Font)                  U/euf/m/n --> U/euf/b/n on input line 106.
))
(C:\Users\jakla\AppData\Local\Programs\MiKTeX\tex/latex/stackengine\stackengine
.sty
Package: stackengine 2017/02/13 v4.01\ Stacking text and objects in convenient 
ways

(C:\Users\jakla\AppData\Local\Programs\MiKTeX\tex/latex/etoolbox\etoolbox.sty
Package: etoolbox 2020/10/05 v2.5k e-TeX tools for LaTeX (JAW)
\etb@tempcnta=\count278
)
(C:\Users\jakla\AppData\Local\Programs\MiKTeX\tex/latex/listofitems\listofitems
.sty
(C:\Users\jakla\AppData\Local\Programs\MiKTeX\tex/generic/listofitems\listofite
ms.tex
\loi_cnt_foreach_nest=\count279
\loi_nestcnt=\count280
)
Package: listofitems 2019/08/21 v1.63 Grab items in lists using user-specified 
sep char (CT)
)
\c@@stackindex=\count281
\@boxshift=\skip70
\stack@tmplength=\skip71
\temp@stkl=\skip72
\@stackedboxwidth=\skip73
\@addedbox=\box60
\@anchorbox=\box61
\stackedbox=\box62
\@centerbox=\box63
\c@ROWcellindex@=\count282
) (C:\Users\jakla\AppData\Local\Programs\MiKTeX\tex/latex/ulem\ulem.sty
\UL@box=\box64
\UL@hyphenbox=\box65
\UL@skip=\skip74
\UL@hook=\toks29
\UL@height=\dimen175
\UL@pe=\count283
\UL@pixel=\dimen176
\ULC@box=\box66
Package: ulem 2019/11/18
\ULdepth=\dimen177
)
\xrefbox=\box67
\xreflength=\skip75
\CodeWidthChar=\skip76
\CodeHeightChar=\skip77
\DoxyCodeWidth=\skip78
) (C:\Users\jakla\AppData\Local\Programs\MiKTeX\tex/latex/base\inputenc.sty
Package: inputenc 2020/08/01 v1.3d Input encoding file
\inpenc@prehook=\toks30
\inpenc@posthook=\toks31
)
(C:\Users\jakla\AppData\Local\Programs\MiKTeX\tex/latex/base\makeidx.sty
Package: makeidx 2014/09/29 v1.0m Standard LaTeX package
)
(C:\Users\jakla\AppData\Local\Programs\MiKTeX\tex/latex/latex-tools\multicol.st
y
Package: multicol 2019/12/09 v1.8y multicolumn formatting (FMi)
\c@tracingmulticols=\count284
\mult@box=\box68
\multicol@leftmargin=\dimen178
\c@unbalance=\count285
\c@collectmore=\count286
\doublecol@number=\count287
\multicoltolerance=\count288
\multicolpretolerance=\count289
\full@width=\dimen179
\page@free=\dimen180
\premulticols=\dimen181
\postmulticols=\dimen182
\multicolsep=\skip79
\multicolbaselineskip=\skip80
\partial@page=\box69
\last@line=\box70
\maxbalancingoverflow=\dimen183
\mult@rightbox=\box71
\mult@grightbox=\box72
\mult@gfirstbox=\box73
\mult@firstbox=\box74
\@tempa=\box75
\@tempa=\box76
\@tempa=\box77
\@tempa=\box78
\@tempa=\box79
\@tempa=\box80
\@tempa=\box81
\@tempa=\box82
\@tempa=\box83
\@tempa=\box84
\@tempa=\box85
\@tempa=\box86
\@tempa=\box87
\@tempa=\box88
\@tempa=\box89
\@tempa=\box90
\@tempa=\box91
\@tempa=\box92
\@tempa=\box93
\@tempa=\box94
\@tempa=\box95
\@tempa=\box96
\@tempa=\box97
\@tempa=\box98
\@tempa=\box99
\@tempa=\box100
\@tempa=\box101
\@tempa=\box102
\@tempa=\box103
\@tempa=\box104
\@tempa=\box105
\@tempa=\box106
\@tempa=\box107
\@tempa=\box108
\@tempa=\box109
\@tempa=\box110
\@tempa=\box111
\c@minrows=\count290
\c@columnbadness=\count291
\c@finalcolumnbadness=\count292
\last@try=\dimen184
\multicolovershoot=\dimen185
\multicolundershoot=\dimen186
\mult@nat@firstbox=\box112
\colbreak@box=\box113
\mc@col@check@num=\count293
) (C:\Users\jakla\AppData\Local\Programs\MiKTeX\tex/latex/base\textcomp.sty
Package: textcomp 2020/02/02 v2.0n Standard LaTeX package
)
(C:\Users\jakla\AppData\Local\Programs\MiKTeX\tex/latex/wasysym\wasysym.sty
Package: wasysym 2020/01/19 v2.4 Wasy-2 symbol support package
\symwasy=\mathgroup6
LaTeX Font Info:    Overwriting symbol font `wasy' in version `bold'
(Font)                  U/wasy/m/n --> U/wasy/b/n on input line 93.
)
(C:\Users\jakla\AppData\Local\Programs\MiKTeX\tex/generic/iftex\ifxetex.sty
Package: ifxetex 2019/10/25 v0.7 ifxetex legacy package. Use iftex instead.
)
(C:\Users\jakla\AppData\Local\Programs\MiKTeX\tex/latex/base\fontenc.sty
Package: fontenc 2020/08/10 v2.0s Standard LaTeX package
)
(C:\Users\jakla\AppData\Local\Programs\MiKTeX\tex/latex/psnfss\helvet.sty
Package: helvet 2020/03/25 PSNFSS-v9.3 (WaS) 
)
(C:\Users\jakla\AppData\Local\Programs\MiKTeX\tex/latex/psnfss\courier.sty
Package: courier 2020/03/25 PSNFSS-v9.3 (WaS) 
)
(C:\Users\jakla\AppData\Local\Programs\MiKTeX\tex/latex/sectsty\sectsty.sty
Package: sectsty 2002/02/25 v2.0.2 Commands to change all sectional heading sty
les


LaTeX Warning: Command \underbar  has changed.
               Check if current package is valid.


LaTeX Warning: Command \underline  has changed.
               Check if current package is valid.

) (C:\Users\jakla\AppData\Local\Programs\MiKTeX\tex/latex/geometry\geometry.sty
Package: geometry 2020/01/02 v5.9 Page Geometry
(C:\Users\jakla\AppData\Local\Programs\MiKTeX\tex/generic/iftex\ifvtex.sty
Package: ifvtex 2019/10/25 v1.7 ifvtex legacy package. Use iftex instead.
)
\Gm@cnth=\count294
\Gm@cntv=\count295
\c@Gm@tempcnt=\count296
\Gm@bindingoffset=\dimen187
\Gm@wd@mp=\dimen188
\Gm@odd@mp=\dimen189
\Gm@even@mp=\dimen190
\Gm@layoutwidth=\dimen191
\Gm@layoutheight=\dimen192
\Gm@layouthoffset=\dimen193
\Gm@layoutvoffset=\dimen194
\Gm@dimlist=\toks32

(C:\Users\jakla\AppData\Local\Programs\MiKTeX\tex/latex/geometry\geometry.cfg))
(C:\Users\jakla\AppData\Local\Programs\MiKTeX\tex/latex/fancyhdr\fancyhdr.sty
Package: fancyhdr 2021/01/28 v4.0.1 Extensive control of page headers and foote
rs
\f@nch@headwidth=\skip81
\f@nch@O@elh=\skip82
\f@nch@O@erh=\skip83
\f@nch@O@olh=\skip84
\f@nch@O@orh=\skip85
\f@nch@O@elf=\skip86
\f@nch@O@erf=\skip87
\f@nch@O@olf=\skip88
\f@nch@O@orf=\skip89
)
(C:\Users\jakla\AppData\Local\Programs\MiKTeX\tex/latex/natbib\natbib.sty
Package: natbib 2010/09/13 8.31b (PWD, AO)
\bibhang=\skip90
\bibsep=\skip91
LaTeX Info: Redefining \cite on input line 694.
\c@NAT@ctr=\count297
)
(C:\Users\jakla\AppData\Local\Programs\MiKTeX\tex/latex/tocloft\tocloft.sty
Package: tocloft 2017/08/31 v2.3i parameterised ToC, etc., typesetting
Package tocloft Info: The document has chapter divisions on input line 51.
\cftparskip=\skip92
\cftbeforetoctitleskip=\skip93
\cftaftertoctitleskip=\skip94
\cftbeforepartskip=\skip95
\cftpartnumwidth=\skip96
\cftpartindent=\skip97
\cftbeforechapskip=\skip98
\cftchapindent=\skip99
\cftchapnumwidth=\skip100
\cftbeforesecskip=\skip101
\cftsecindent=\skip102
\cftsecnumwidth=\skip103
\cftbeforesubsecskip=\skip104
\cftsubsecindent=\skip105
\cftsubsecnumwidth=\skip106
\cftbeforesubsubsecskip=\skip107
\cftsubsubsecindent=\skip108
\cftsubsubsecnumwidth=\skip109
\cftbeforeparaskip=\skip110
\cftparaindent=\skip111
\cftparanumwidth=\skip112
\cftbeforesubparaskip=\skip113
\cftsubparaindent=\skip114
\cftsubparanumwidth=\skip115
\cftbeforeloftitleskip=\skip116
\cftafterloftitleskip=\skip117
\cftbeforefigskip=\skip118
\cftfigindent=\skip119
\cftfignumwidth=\skip120
\c@lofdepth=\count298
\c@lotdepth=\count299
\cftbeforelottitleskip=\skip121
\cftafterlottitleskip=\skip122
\cftbeforetabskip=\skip123
\cfttabindent=\skip124
\cfttabnumwidth=\skip125
)
\@indexfile=\write4
\openout4 = `refman.idx'.


Writing index file refman.idx

(C:\Users\jakla\AppData\Local\Programs\MiKTeX\tex/latex/newunicodechar\newunico
dechar.sty
Package: newunicodechar 2018/04/08 v1.2 Defining Unicode characters
)

Package newunicodechar Warning: Redefining Unicode character on input line 112.



Package newunicodechar Warning: Redefining Unicode character on input line 113.


(C:\Users\jakla\AppData\Local\Programs\MiKTeX\tex/latex/caption\caption.sty
Package: caption 2020/10/26 v3.5g Customizing captions (AR)

(C:\Users\jakla\AppData\Local\Programs\MiKTeX\tex/latex/caption\caption3.sty
Package: caption3 2020/10/21 v2.2e caption3 kernel (AR)
\captionmargin=\dimen195
\captionmargin@=\dimen196
\captionwidth=\dimen197
\caption@tempdima=\dimen198
\caption@indent=\dimen199
\caption@parindent=\dimen256
\caption@hangindent=\dimen257
Package caption Info: Standard document class detected.
)
\c@caption@flags=\count300
\c@continuedfloat=\count301
Package caption Info: float package is loaded.
Package caption Info: longtable package is loaded.

(C:\Users\jakla\AppData\Local\Programs\MiKTeX\tex/latex/caption\ltcaption.sty
Package: ltcaption 2020/05/30 v1.4b longtable captions (AR)
)) (C:\Users\jakla\AppData\Local\Programs\MiKTeX\tex/latex/etoc\etoc.sty
Package: etoc 2020/05/15 v1.09c Completely customisable TOCs (JFB)
\Etoc@toctoks=\toks33
\c@etoc@tocid=\count302
\c@etoc@tocdepth=\count303
\etoc@framed@titlebox=\box114
\etoc@framed@contentsbox=\box115
)
LaTeX Font Info:    Trying to load font information for T1+phv on input line 12
8.

(C:\Users\jakla\AppData\Local\Programs\MiKTeX\tex/latex/psnfss\t1phv.fd
File: t1phv.fd 2020/03/25 scalable font definitions for T1/phv.
)
LaTeX Font Info:    Font shape `T1/phv/m/n' will be
(Font)              scaled to size 8.99994pt on input line 128.

(C:\Users\jakla\AppData\Local\Programs\MiKTeX\tex/latex/l3backend\l3backend-pdf
tex.def
File: l3backend-pdftex.def 2021-02-18 L3 backend support: PDF output (pdfTeX)
\l__color_backend_stack_int=\count304
\l__pdf_internal_box=\box116
) (refman.aux)
\openout1 = `refman.aux'.

LaTeX Font Info:    Checking defaults for OML/cmm/m/it on input line 128.
LaTeX Font Info:    ... okay on input line 128.
LaTeX Font Info:    Checking defaults for OMS/cmsy/m/n on input line 128.
LaTeX Font Info:    ... okay on input line 128.
LaTeX Font Info:    Checking defaults for OT1/cmr/m/n on input line 128.
LaTeX Font Info:    ... okay on input line 128.
LaTeX Font Info:    Checking defaults for T1/cmr/m/n on input line 128.
LaTeX Font Info:    ... okay on input line 128.
LaTeX Font Info:    Checking defaults for TS1/cmr/m/n on input line 128.
LaTeX Font Info:    ... okay on input line 128.
LaTeX Font Info:    Checking defaults for OMX/cmex/m/n on input line 128.
LaTeX Font Info:    ... okay on input line 128.
LaTeX Font Info:    Checking defaults for U/cmr/m/n on input line 128.
LaTeX Font Info:    ... okay on input line 128.

(C:\Users\jakla\AppData\Local\Programs\MiKTeX\tex/context/base/mkii\supp-pdf.mk
ii
[Loading MPS to PDF converter (version 2006.09.02).]
\scratchcounter=\count305
\scratchdimen=\dimen258
\scratchbox=\box117
\nofMPsegments=\count306
\nofMParguments=\count307
\everyMPshowfont=\toks34
\MPscratchCnt=\count308
\MPscratchDim=\dimen259
\MPnumerator=\count309
\makeMPintoPDFobject=\count310
\everyMPtoPDFconversion=\toks35
)
(C:\Users\jakla\AppData\Local\Programs\MiKTeX\tex/latex/epstopdf-pkg\epstopdf-b
ase.sty
Package: epstopdf-base 2020-01-24 v2.11 Base part for package epstopdf
Package epstopdf-base Info: Redefining graphics rule for `.eps' on input line 4
85.
)
*geometry* driver: auto-detecting
*geometry* detected driver: pdftex
*geometry* verbose mode - [ preamble ] result:
* driver: pdftex
* paper: a4paper
* layout: <same size as paper>
* layoutoffset:(h,v)=(0.0pt,0.0pt)
* modes: twoside 
* h-part:(L,W,R)=(71.13188pt, 455.24411pt, 71.13188pt)
* v-part:(T,H,B)=(71.13188pt, 702.78308pt, 71.13188pt)
* \paperwidth=597.50787pt
* \paperheight=845.04684pt
* \textwidth=455.24411pt
* \textheight=702.78308pt
* \oddsidemargin=-1.1381pt
* \evensidemargin=-1.1381pt
* \topmargin=-31.2056pt
* \headheight=12.0pt
* \headsep=18.06749pt
* \topskip=10.0pt
* \footskip=25.29494pt
* \marginparwidth=125.0pt
* \marginparsep=7.0pt
* \columnsep=10.0pt
* \skip\footins=9.0pt plus 4.0pt minus 2.0pt
* \hoffset=0.0pt
* \voffset=0.0pt
* \mag=1000
* \@twocolumnfalse
* \@twosidetrue
* \@mparswitchtrue
* \@reversemarginfalse
* (1in=72.27pt=25.4mm, 1cm=28.453pt)

Package caption Info: Begin \AtBeginDocument code.
Package caption Info: End \AtBeginDocument code.
\Etoc@tf=\read4
LaTeX Font Info:    Font shape `T1/phv/m/n' will be
(Font)              scaled to size 12.9599pt on input line 135.
LaTeX Font Info:    Font shape `T1/phv/m/n' will be
(Font)              scaled to size 6.29996pt on input line 135.
LaTeX Font Info:    Trying to load font information for U+msa on input line 135
.
(C:\Users\jakla\AppData\Local\Programs\MiKTeX\tex/latex/amsfonts\umsa.fd
File: umsa.fd 2013/01/14 v3.01 AMS symbols A
)
LaTeX Font Info:    Trying to load font information for U+msb on input line 135
.

(C:\Users\jakla\AppData\Local\Programs\MiKTeX\tex/latex/amsfonts\umsb.fd
File: umsb.fd 2013/01/14 v3.01 AMS symbols B
)
LaTeX Font Info:    Trying to load font information for U+wasy on input line 13
5.

(C:\Users\jakla\AppData\Local\Programs\MiKTeX\tex/latex/wasysym\uwasy.fd
File: uwasy.fd 2020/01/19 v2.4 Wasy-2 symbol font definitions
)
LaTeX Font Info:    Font shape `T1/phv/m/n' will be
(Font)              scaled to size 10.79993pt on input line 137.

[1


{C:/Users/jakla/AppData/Local/MiKTeX/pdftex/config/pdftex.map}] [2

]
\tf@toc=\write5
\openout5 = `refman.toc'.

LaTeX Font Info:    Font shape `T1/phv/b/n' will be
(Font)              scaled to size 8.99994pt on input line 143.
LaTeX Font Info:    Font shape `T1/phv/b/n' will be
(Font)              scaled to size 6.29996pt on input line 143.
 [1]
[2] [3] [4

]
Chapter 1.
LaTeX Font Info:    Font shape `T1/phv/m/n' will be
(Font)              scaled to size 18.66588pt on input line 147.
LaTeX Font Info:    Font shape `T1/phv/b/n' will be
(Font)              scaled to size 18.66588pt on input line 147.
LaTeX Font Info:    Font shape `T1/phv/bc/n' will be
(Font)              scaled to size 18.66588pt on input line 147.
LaTeX Font Info:    Font shape `T1/phv/m/n' will be
(Font)              scaled to size 22.39185pt on input line 147.
LaTeX Font Info:    Font shape `T1/phv/b/n' will be
(Font)              scaled to size 22.39185pt on input line 147.
LaTeX Font Info:    Font shape `T1/phv/bc/n' will be
(Font)              scaled to size 22.39185pt on input line 147.
(hierarchy.tex
LaTeX Font Info:    Font shape `T1/phv/b/n' will be
(Font)              scaled to size 12.9599pt on input line 1.
) [1

] [2

]
Chapter 2.
(annotated.tex) [3] [4

]
Chapter 3.
(files.tex [5]

LaTeX Warning: Reference `_interactive_8h' on page 6 undefined on input line 24
.


LaTeX Warning: Reference `_melee_bleed_atttack_8h' on page 6 undefined on input
 line 27.

) [6]
Chapter 4.
(class_bleed_attack.tex <./class_bleed_attack__inherit__graph.pdf

pdfTeX warning: pdflatex (file ./class_bleed_attack__inherit__graph.pdf): PDF i
nclusion: multiple pdfs with page group included in a single page
>
<class_bleed_attack__inherit__graph.pdf, id=42, 150.5625pt x 156.585pt>
File: class_bleed_attack__inherit__graph.pdf Graphic file (type pdf)
<use class_bleed_attack__inherit__graph.pdf>
Package pdftex.def Info: class_bleed_attack__inherit__graph.pdf  used on input 
line 9.
(pdftex.def)             Requested size: 150.0pt x 156.01357pt.
 <./class_bleed_attack__coll__graph.pdf

pdfTeX warning: pdflatex (file ./class_bleed_attack__coll__graph.pdf): PDF incl
usion: multiple pdfs with page group included in a single page
>
<class_bleed_attack__coll__graph.pdf, id=51, 150.5625pt x 156.585pt>
File: class_bleed_attack__coll__graph.pdf Graphic file (type pdf)
<use class_bleed_attack__coll__graph.pdf>
Package pdftex.def Info: class_bleed_attack__coll__graph.pdf  used on input lin
e 18.
(pdftex.def)             Requested size: 150.0pt x 156.01357pt.
LaTeX Font Info:    Font shape `T1/phv/b/n' will be
(Font)              scaled to size 10.79993pt on input line 21.
LaTeX Font Info:    Trying to load font information for TS1+phv on input line 2
4.
 (C:\Users\jakla\AppData\Local\Programs\MiKTeX\tex/latex/psnfss\ts1phv.fd
File: ts1phv.fd 2020/03/25 scalable font definitions for TS1/phv.
)
LaTeX Font Info:    Font shape `TS1/phv/m/n' will be
(Font)              scaled to size 8.99994pt on input line 24.

[7

]) (class_button.tex <./class_button__inherit__graph.pdf>
<class_button__inherit__graph.pdf, id=66, 136.51pt x 156.585pt>
File: class_button__inherit__graph.pdf Graphic file (type pdf)
<use class_button__inherit__graph.pdf>
Package pdftex.def Info: class_button__inherit__graph.pdf  used on input line 9
.
(pdftex.def)             Requested size: 136.0pt x 156.00879pt.
 <./class_button__coll__graph.pdf

pdfTeX warning: pdflatex (file ./class_button__coll__graph.pdf): PDF inclusion:
 multiple pdfs with page group included in a single page
>
<class_button__coll__graph.pdf, id=75, 136.51pt x 156.585pt>
File: class_button__coll__graph.pdf Graphic file (type pdf)
<use class_button__coll__graph.pdf>
Package pdftex.def Info: class_button__coll__graph.pdf  used on input line 18.
(pdftex.def)             Requested size: 136.0pt x 156.00879pt.
 [8]) (class_clickable.tex <./class_clickable__inherit__graph.pdf>
<class_clickable__inherit__graph.pdf, id=88, 206.7725pt x 156.585pt>
File: class_clickable__inherit__graph.pdf Graphic file (type pdf)
<use class_clickable__inherit__graph.pdf>
Package pdftex.def Info: class_clickable__inherit__graph.pdf  used on input lin
e 9.
(pdftex.def)             Requested size: 206.0pt x 156.004pt.
)
(class_enemy.tex <./class_enemy__inherit__graph.pdf

pdfTeX warning: pdflatex (file ./class_enemy__inherit__graph.pdf): PDF inclusio
n: multiple pdfs with page group included in a single page
>
<class_enemy__inherit__graph.pdf, id=97, 127.47626pt x 156.585pt>
File: class_enemy__inherit__graph.pdf Graphic file (type pdf)
<use class_enemy__inherit__graph.pdf>
Package pdftex.def Info: class_enemy__inherit__graph.pdf  used on input line 9.

(pdftex.def)             Requested size: 127.0pt x 156.0064pt.
 [9] <./class_enemy__coll__graph.pdf>
<class_enemy__coll__graph.pdf, id=110, 129.48375pt x 224.84pt>
File: class_enemy__coll__graph.pdf Graphic file (type pdf)
<use class_enemy__coll__graph.pdf>
Package pdftex.def Info: class_enemy__coll__graph.pdf  used on input line 18.
(pdftex.def)             Requested size: 129.0pt x 224.02292pt.
 [10]) (class_entity.tex <./class_entity__inherit__graph.pdf>
<class_entity__inherit__graph.pdf, id=124, 190.7125pt x 156.585pt>
File: class_entity__inherit__graph.pdf Graphic file (type pdf)
<use class_entity__inherit__graph.pdf>
Package pdftex.def Info: class_entity__inherit__graph.pdf  used on input line 9
.
(pdftex.def)             Requested size: 190.0pt x 156.0064pt.
 <./class_entity__coll__graph.pdf

pdfTeX warning: pdflatex (file ./class_entity__coll__graph.pdf): PDF inclusion:
 multiple pdfs with page group included in a single page
>
<class_entity__coll__graph.pdf, id=133, 126.4725pt x 167.62625pt>
File: class_entity__coll__graph.pdf Graphic file (type pdf)
<use class_entity__coll__graph.pdf>
Package pdftex.def Info: class_entity__coll__graph.pdf  used on input line 18.
(pdftex.def)             Requested size: 126.0pt x 167.00427pt.
 [11]) (class_event.tex <./class_event__inherit__graph.pdf>
<class_event__inherit__graph.pdf, id=146, 173.64874pt x 156.585pt>
File: class_event__inherit__graph.pdf Graphic file (type pdf)
<use class_event__inherit__graph.pdf>
Package pdftex.def Info: class_event__inherit__graph.pdf  used on input line 9.

(pdftex.def)             Requested size: 173.0pt x 156.0064pt.
 [12])
(class_event_instance.tex
LaTeX Font Info:    Font shape `T1/phv/m/n' will be
(Font)              scaled to size 7.19995pt on input line 25.
LaTeX Font Info:    Trying to load font information for T1+pcr on input line 25
.

(C:\Users\jakla\AppData\Local\Programs\MiKTeX\tex/latex/psnfss\t1pcr.fd
File: t1pcr.fd 2001/06/04 font definitions for T1/pcr.
) <./class_event_instance_ad027785d582f4a9a1ff44c874c80c90a_cgraph.pdf>
<class_event_instance_ad027785d582f4a9a1ff44c874c80c90a_cgraph.pdf, id=159, 374
.39874pt x 138.5175pt>
File: class_event_instance_ad027785d582f4a9a1ff44c874c80c90a_cgraph.pdf Graphic
 file (type pdf)
<use class_event_instance_ad027785d582f4a9a1ff44c874c80c90a_cgraph.pdf>
Package pdftex.def Info: class_event_instance_ad027785d582f4a9a1ff44c874c80c90a
_cgraph.pdf  used on input line 31.
(pdftex.def)             Requested size: 350.0pt x 129.4984pt.
 <./class_event_instance_adaf6ea00e9e6de95be9e369d03b87d3f_icgraph.pdf

pdfTeX warning: pdflatex (file ./class_event_instance_adaf6ea00e9e6de95be9e369d
03b87d3f_icgraph.pdf): PDF inclusion: multiple pdfs with page group included in
 a single page
>
<class_event_instance_adaf6ea00e9e6de95be9e369d03b87d3f_icgraph.pdf, id=168, 37
4.39874pt x 100.375pt>
File: class_event_instance_adaf6ea00e9e6de95be9e369d03b87d3f_icgraph.pdf Graphi
c file (type pdf)
<use class_event_instance_adaf6ea00e9e6de95be9e369d03b87d3f_icgraph.pdf>
Package pdftex.def Info: class_event_instance_adaf6ea00e9e6de95be9e369d03b87d3f
_icgraph.pdf  used on input line 44.
(pdftex.def)             Requested size: 350.0pt x 93.8394pt.
 [13]

! Package inputenc Error: Invalid UTF-8 byte "B3.

See the inputenc package documentation for explanation.
Type  H <return>  for immediate help.
 ...                                              
                                                  
l.53 Obs³
         uga Eventu Here is the caller graph for this function\+:\nopagebreak
? 
 <./class_event_instance_a07578770d3b3b741f8a232399993bb54_icgraph.pdf>
<class_event_instance_a07578770d3b3b741f8a232399993bb54_icgraph.pdf, id=183, 37
4.39874pt x 100.375pt>
File: class_event_instance_a07578770d3b3b741f8a232399993bb54_icgraph.pdf Graphi
c file (type pdf)
<use class_event_instance_a07578770d3b3b741f8a232399993bb54_icgraph.pdf>
Package pdftex.def Info: class_event_instance_a07578770d3b3b741f8a232399993bb54
_icgraph.pdf  used on input line 57.
(pdftex.def)             Requested size: 350.0pt x 93.8394pt.
)
(class_fight_instance.tex [14] <./class_fight_instance_a5911b3ff1e1e3c4094629c8
c1da59242_icgraph.pdf>
<class_fight_instance_a5911b3ff1e1e3c4094629c8c1da59242_icgraph.pdf, id=196, 37
0.38374pt x 100.375pt>
File: class_fight_instance_a5911b3ff1e1e3c4094629c8c1da59242_icgraph.pdf Graphi
c file (type pdf)
<use class_fight_instance_a5911b3ff1e1e3c4094629c8c1da59242_icgraph.pdf>
Package pdftex.def Info: class_fight_instance_a5911b3ff1e1e3c4094629c8c1da59242
_icgraph.pdf  used on input line 42.
(pdftex.def)             Requested size: 350.0pt x 94.85179pt.
 <./class_fight_instance_ab48b31a4f9d18fa974063868552a0727_icgraph.pdf

pdfTeX warning: pdflatex (file ./class_fight_instance_ab48b31a4f9d18fa974063868
552a0727_icgraph.pdf): PDF inclusion: multiple pdfs with page group included in
 a single page
>
<class_fight_instance_ab48b31a4f9d18fa974063868552a0727_icgraph.pdf, id=205, 52
9.98pt x 111.41624pt>
File: class_fight_instance_ab48b31a4f9d18fa974063868552a0727_icgraph.pdf Graphi
c file (type pdf)
<use class_fight_instance_ab48b31a4f9d18fa974063868552a0727_icgraph.pdf>
Package pdftex.def Info: class_fight_instance_ab48b31a4f9d18fa974063868552a0727
_icgraph.pdf  used on input line 55.
(pdftex.def)             Requested size: 350.0pt x 73.58084pt.
 <./class_fight_instance_af3b5c3c97d239be0d2633cc00228dbae_cgraph.pdf

pdfTeX warning: pdflatex (file ./class_fight_instance_af3b5c3c97d239be0d2633cc0
0228dbae_cgraph.pdf): PDF inclusion: multiple pdfs with page group included in 
a single page
>
<class_fight_instance_af3b5c3c97d239be0d2633cc00228dbae_cgraph.pdf, id=214, 550
.055pt x 264.99pt>
File: class_fight_instance_af3b5c3c97d239be0d2633cc00228dbae_cgraph.pdf Graphic
 file (type pdf)
<use class_fight_instance_af3b5c3c97d239be0d2633cc00228dbae_cgraph.pdf>
Package pdftex.def Info: class_fight_instance_af3b5c3c97d239be0d2633cc00228dbae
_cgraph.pdf  used on input line 68.
(pdftex.def)             Requested size: 350.0pt x 168.61855pt.
 [15] <./class_fight_instance_a9e74c4857430c27eebf80229b084c18f_cgraph.pdf>
<class_fight_instance_a9e74c4857430c27eebf80229b084c18f_cgraph.pdf, id=227, 390
.45876pt x 111.41624pt>
File: class_fight_instance_a9e74c4857430c27eebf80229b084c18f_cgraph.pdf Graphic
 file (type pdf)
<use class_fight_instance_a9e74c4857430c27eebf80229b084c18f_cgraph.pdf>
Package pdftex.def Info: class_fight_instance_a9e74c4857430c27eebf80229b084c18f
_cgraph.pdf  used on input line 81.
(pdftex.def)             Requested size: 350.0pt x 99.87587pt.
 <./class_fight_instance_a9e74c4857430c27eebf80229b084c18f_icgraph.pdf

pdfTeX warning: pdflatex (file ./class_fight_instance_a9e74c4857430c27eebf80229
b084c18f_icgraph.pdf): PDF inclusion: multiple pdfs with page group included in
 a single page
>
<class_fight_instance_a9e74c4857430c27eebf80229b084c18f_icgraph.pdf, id=236, 35
0.30875pt x 111.41624pt>
File: class_fight_instance_a9e74c4857430c27eebf80229b084c18f_icgraph.pdf Graphi
c file (type pdf)
<use class_fight_instance_a9e74c4857430c27eebf80229b084c18f_icgraph.pdf>
Package pdftex.def Info: class_fight_instance_a9e74c4857430c27eebf80229b084c18f
_icgraph.pdf  used on input line 88.
(pdftex.def)             Requested size: 349.0pt x 111.00795pt.
 <./class_fight_instance_a697fa05b5d176ffd44666a955b86708a_icgraph.pdf

pdfTeX warning: pdflatex (file ./class_fight_instance_a697fa05b5d176ffd44666a95
5b86708a_icgraph.pdf): PDF inclusion: multiple pdfs with page group included in
 a single page
>
<class_fight_instance_a697fa05b5d176ffd44666a955b86708a_icgraph.pdf, id=245, 33
2.24126pt x 100.375pt>
File: class_fight_instance_a697fa05b5d176ffd44666a955b86708a_icgraph.pdf Graphi
c file (type pdf)
<use class_fight_instance_a697fa05b5d176ffd44666a955b86708a_icgraph.pdf>
Package pdftex.def Info: class_fight_instance_a697fa05b5d176ffd44666a955b86708a
_icgraph.pdf  used on input line 101.
(pdftex.def)             Requested size: 331.0pt x 100.00562pt.
 [16] <./class_fight_instance_a679a565f34107eeae802c19e55f1ced0_icgraph.pdf>
<class_fight_instance_a679a565f34107eeae802c19e55f1ced0_icgraph.pdf, id=258, 33
2.24126pt x 100.375pt>
File: class_fight_instance_a679a565f34107eeae802c19e55f1ced0_icgraph.pdf Graphi
c file (type pdf)
<use class_fight_instance_a679a565f34107eeae802c19e55f1ced0_icgraph.pdf>
Package pdftex.def Info: class_fight_instance_a679a565f34107eeae802c19e55f1ced0
_icgraph.pdf  used on input line 114.
(pdftex.def)             Requested size: 331.0pt x 100.00562pt.
 <./class_fight_instance_a901067b7ca48e7e98ece53ae444a07bb_icgraph.pdf

pdfTeX warning: pdflatex (file ./class_fight_instance_a901067b7ca48e7e98ece53ae
444a07bb_icgraph.pdf): PDF inclusion: multiple pdfs with page group included in
 a single page
>
<class_fight_instance_a901067b7ca48e7e98ece53ae444a07bb_icgraph.pdf, id=267, 36
5.365pt x 100.375pt>
File: class_fight_instance_a901067b7ca48e7e98ece53ae444a07bb_icgraph.pdf Graphi
c file (type pdf)
<use class_fight_instance_a901067b7ca48e7e98ece53ae444a07bb_icgraph.pdf>
Package pdftex.def Info: class_fight_instance_a901067b7ca48e7e98ece53ae444a07bb
_icgraph.pdf  used on input line 127.
(pdftex.def)             Requested size: 350.0pt x 96.15825pt.
) (class_gen_d_m_g_upgrade.tex <./class_gen_d_m_g_upgrade__inherit__graph.pdf

pdfTeX warning: pdflatex (file ./class_gen_d_m_g_upgrade__inherit__graph.pdf): 
PDF inclusion: multiple pdfs with page group included in a single page
>
<class_gen_d_m_g_upgrade__inherit__graph.pdf, id=276, 173.64874pt x 156.585pt>
File: class_gen_d_m_g_upgrade__inherit__graph.pdf Graphic file (type pdf)
<use class_gen_d_m_g_upgrade__inherit__graph.pdf>
Package pdftex.def Info: class_gen_d_m_g_upgrade__inherit__graph.pdf  used on i
nput line 9.
(pdftex.def)             Requested size: 173.0pt x 156.0064pt.
 [17] <./class_gen_d_m_g_upgrade__coll__graph.pdf>
<class_gen_d_m_g_upgrade__coll__graph.pdf, id=289, 173.64874pt x 156.585pt>
File: class_gen_d_m_g_upgrade__coll__graph.pdf Graphic file (type pdf)
<use class_gen_d_m_g_upgrade__coll__graph.pdf>
Package pdftex.def Info: class_gen_d_m_g_upgrade__coll__graph.pdf  used on inpu
t line 18.
(pdftex.def)             Requested size: 173.0pt x 156.0064pt.
) (class_health_bar.tex
[18]) (class_interactive.tex) (class_melee_attack.tex <./class_melee_attack__in
herit__graph.pdf>
<class_melee_attack__inherit__graph.pdf, id=302, 151.56625pt x 156.585pt>
File: class_melee_attack__inherit__graph.pdf Graphic file (type pdf)
<use class_melee_attack__inherit__graph.pdf>
Package pdftex.def Info: class_melee_attack__inherit__graph.pdf  used on input 
line 9.
(pdftex.def)             Requested size: 151.0pt x 156.00162pt.
 <./class_melee_attack__coll__graph.pdf

pdfTeX warning: pdflatex (file ./class_melee_attack__coll__graph.pdf): PDF incl
usion: multiple pdfs with page group included in a single page
>
<class_melee_attack__coll__graph.pdf, id=311, 151.56625pt x 156.585pt>
File: class_melee_attack__coll__graph.pdf Graphic file (type pdf)
<use class_melee_attack__coll__graph.pdf>
Package pdftex.def Info: class_melee_attack__coll__graph.pdf  used on input lin
e 18.
(pdftex.def)             Requested size: 151.0pt x 156.00162pt.
 [19]) (class_melee_bleed_atttack.tex <./class_melee_bleed_atttack__inherit__gr
aph.pdf>
<class_melee_bleed_atttack__inherit__graph.pdf, id=325, 179.67125pt x 156.585pt
>
File: class_melee_bleed_atttack__inherit__graph.pdf Graphic file (type pdf)
<use class_melee_bleed_atttack__inherit__graph.pdf>
Package pdftex.def Info: class_melee_bleed_atttack__inherit__graph.pdf  used on
 input line 9.
(pdftex.def)             Requested size: 179.0pt x 156.01117pt.
 <./class_melee_bleed_atttack__coll__graph.pdf

pdfTeX warning: pdflatex (file ./class_melee_bleed_atttack__coll__graph.pdf): P
DF inclusion: multiple pdfs with page group included in a single page
>
<class_melee_bleed_atttack__coll__graph.pdf, id=334, 179.67125pt x 156.585pt>
File: class_melee_bleed_atttack__coll__graph.pdf Graphic file (type pdf)
<use class_melee_bleed_atttack__coll__graph.pdf>
Package pdftex.def Info: class_melee_bleed_atttack__coll__graph.pdf  used on in
put line 18.
(pdftex.def)             Requested size: 179.0pt x 156.01117pt.
) (class_player.tex <./class_player__inherit__graph.pdf

pdfTeX warning: pdflatex (file ./class_player__inherit__graph.pdf): PDF inclusi
on: multiple pdfs with page group included in a single page
>
<class_player__inherit__graph.pdf, id=343, 124.465pt x 156.585pt>
File: class_player__inherit__graph.pdf Graphic file (type pdf)
<use class_player__inherit__graph.pdf>
Package pdftex.def Info: class_player__inherit__graph.pdf  used on input line 9
.
(pdftex.def)             Requested size: 124.0pt x 156.004pt.
 [20] <./class_player__coll__graph.pdf>
<class_player__coll__graph.pdf, id=356, 127.47626pt x 224.84pt>
File: class_player__coll__graph.pdf Graphic file (type pdf)
<use class_player__coll__graph.pdf>
Package pdftex.def Info: class_player__coll__graph.pdf  used on input line 18.
(pdftex.def)             Requested size: 127.0pt x 224.00919pt.
 [21]) (class_random.tex)
(class_skill.tex <./class_skill__inherit__graph.pdf>
<class_skill__inherit__graph.pdf, id=369, 457.71pt x 156.585pt>
File: class_skill__inherit__graph.pdf Graphic file (type pdf)
<use class_skill__inherit__graph.pdf>
Package pdftex.def Info: class_skill__inherit__graph.pdf  used on input line 9.

(pdftex.def)             Requested size: 350.0pt x 119.74173pt.
) (struct_stats.tex
[22]) (struct_status.tex) (class_unit_frame.tex <./class_unit_frame__inherit__g
raph.pdf>
<class_unit_frame__inherit__graph.pdf, id=382, 142.5325pt x 156.585pt>
File: class_unit_frame__inherit__graph.pdf Graphic file (type pdf)
<use class_unit_frame__inherit__graph.pdf>
Package pdftex.def Info: class_unit_frame__inherit__graph.pdf  used on input li
ne 9.
(pdftex.def)             Requested size: 142.0pt x 155.99922pt.
 <./class_unit_frame__coll__graph.pdf

pdfTeX warning: pdflatex (file ./class_unit_frame__coll__graph.pdf): PDF inclus
ion: multiple pdfs with page group included in a single page
>
<class_unit_frame__coll__graph.pdf, id=391, 142.5325pt x 156.585pt>
File: class_unit_frame__coll__graph.pdf Graphic file (type pdf)
<use class_unit_frame__coll__graph.pdf>
Package pdftex.def Info: class_unit_frame__coll__graph.pdf  used on input line 
18.
(pdftex.def)             Requested size: 142.0pt x 155.99922pt.
 [23]) (class_vampire_attack.tex <./class_vampire_attack__inherit__graph.pdf

pdfTeX warning: pdflatex (file ./class_vampire_attack__inherit__graph.pdf): PDF
 inclusion: multiple pdfs with page group included in a single page
>
<class_vampire_attack__inherit__graph.pdf, id=403, 161.60374pt x 156.585pt>
File: class_vampire_attack__inherit__graph.pdf Graphic file (type pdf)
<use class_vampire_attack__inherit__graph.pdf>
Package pdftex.def Info: class_vampire_attack__inherit__graph.pdf  used on inpu
t line 9.
(pdftex.def)             Requested size: 161.0pt x 156.00879pt.
 [24] <./class_vampire_attack__coll__graph.pdf>
<class_vampire_attack__coll__graph.pdf, id=416, 161.60374pt x 156.585pt>
File: class_vampire_attack__coll__graph.pdf Graphic file (type pdf)
<use class_vampire_attack__coll__graph.pdf>
Package pdftex.def Info: class_vampire_attack__coll__graph.pdf  used on input l
ine 18.
(pdftex.def)             Requested size: 161.0pt x 156.00879pt.
) [25] [26

]
Chapter 5.
(_bleed_attack_8cpp.tex <./_bleed_attack_8cpp__incl.pdf

pdfTeX warning: pdflatex (file ./_bleed_attack_8cpp__incl.pdf): PDF inclusion: 
multiple pdfs with page group included in a single page
>
<_bleed_attack_8cpp__incl.pdf, id=433, 805.0075pt x 493.845pt>
File: _bleed_attack_8cpp__incl.pdf Graphic file (type pdf)
<use _bleed_attack_8cpp__incl.pdf>
Package pdftex.def Info: _bleed_attack_8cpp__incl.pdf  used on input line 13.
(pdftex.def)             Requested size: 350.0pt x 214.7078pt.
) (_bleed_attack_8h.tex <./_bleed_attack_8h__incl.pdf

pdfTeX warning: pdflatex (file ./_bleed_attack_8h__incl.pdf): PDF inclusion: mu
ltiple pdfs with page group included in a single page
>
<_bleed_attack_8h__incl.pdf, id=442, 805.0075pt x 437.635pt>
File: _bleed_attack_8h__incl.pdf Graphic file (type pdf)
<use _bleed_attack_8h__incl.pdf>
Package pdftex.def Info: _bleed_attack_8h__incl.pdf  used on input line 13.
(pdftex.def)             Requested size: 350.0pt x 190.26952pt.
 [27] <./_bleed_attack_8h__dep__incl.pdf>
<_bleed_attack_8h__dep__incl.pdf, id=455, 492.84125pt x 381.425pt>
File: _bleed_attack_8h__dep__incl.pdf Graphic file (type pdf)
<use _bleed_attack_8h__dep__incl.pdf>
Package pdftex.def Info: _bleed_attack_8h__dep__incl.pdf  used on input line 20
.
(pdftex.def)             Requested size: 350.0pt x 270.8893pt.
 [28]) (_button_8cpp.tex <./_button_8cpp__incl.pdf>
<_button_8cpp__incl.pdf, id=468, 732.7375pt x 269.005pt>
File: _button_8cpp__incl.pdf Graphic file (type pdf)
<use _button_8cpp__incl.pdf>
Package pdftex.def Info: _button_8cpp__incl.pdf  used on input line 13.
(pdftex.def)             Requested size: 350.0pt x 128.4929pt.
) (_button_8h.tex <./_button_8h__incl.pdf

pdfTeX warning: pdflatex (file ./_button_8h__incl.pdf): PDF inclusion: multiple
 pdfs with page group included in a single page
>
<_button_8h__incl.pdf, id=477, 732.7375pt x 212.795pt>
File: _button_8h__incl.pdf Graphic file (type pdf)
<use _button_8h__incl.pdf>
Package pdftex.def Info: _button_8h__incl.pdf  used on input line 13.
(pdftex.def)             Requested size: 350.0pt x 101.64363pt.
 <./_button_8h__dep__incl.pdf

pdfTeX warning: pdflatex (file ./_button_8h__dep__incl.pdf): PDF inclusion: mul
tiple pdfs with page group included in a single page
>
<_button_8h__dep__incl.pdf, id=486, 886.31125pt x 606.265pt>
File: _button_8h__dep__incl.pdf Graphic file (type pdf)
<use _button_8h__dep__incl.pdf>
Package pdftex.def Info: _button_8h__dep__incl.pdf  used on input line 20.
(pdftex.def)             Requested size: 350.0pt x 239.41191pt.
 [29]) (_clickable_8cpp.tex <./_clickable_8cpp__incl.pdf>
<_clickable_8cpp__incl.pdf, id=499, 732.7375pt x 212.795pt>
File: _clickable_8cpp__incl.pdf Graphic file (type pdf)
<use _clickable_8cpp__incl.pdf>
Package pdftex.def Info: _clickable_8cpp__incl.pdf  used on input line 13.
(pdftex.def)             Requested size: 350.0pt x 101.64363pt.
) (_clickable_8h.tex
[30] <./_clickable_8h__incl.pdf>
<_clickable_8h__incl.pdf, id=512, 732.7375pt x 156.585pt>
File: _clickable_8h__incl.pdf Graphic file (type pdf)
<use _clickable_8h__incl.pdf>
Package pdftex.def Info: _clickable_8h__incl.pdf  used on input line 19.
(pdftex.def)             Requested size: 350.0pt x 74.79437pt.
 <./_clickable_8h__dep__incl.pdf

pdfTeX warning: pdflatex (file ./_clickable_8h__dep__incl.pdf): PDF inclusion: 
multiple pdfs with page group included in a single page
>
<_clickable_8h__dep__incl.pdf, id=521, 886.31125pt x 662.475pt>
File: _clickable_8h__dep__incl.pdf Graphic file (type pdf)
<use _clickable_8h__dep__incl.pdf>
Package pdftex.def Info: _clickable_8h__dep__incl.pdf  used on input line 26.
(pdftex.def)             Requested size: 350.0pt x 261.60905pt.
 [31]) (_enemy_8cpp.tex <./_enemy_8cpp__incl.pdf>
<_enemy_8cpp__incl.pdf, id=535, 861.2175pt x 550.055pt>
File: _enemy_8cpp__incl.pdf Graphic file (type pdf)
<use _enemy_8cpp__incl.pdf>
Package pdftex.def Info: _enemy_8cpp__incl.pdf  used on input line 13.
(pdftex.def)             Requested size: 350.0pt x 223.54321pt.
) (_enemy_8h.tex <./_enemy_8h__incl.pdf

pdfTeX warning: pdflatex (file ./_enemy_8h__incl.pdf): PDF inclusion: multiple 
pdfs with page group included in a single page
>
<_enemy_8h__incl.pdf, id=544, 861.2175pt x 493.845pt>
File: _enemy_8h__incl.pdf Graphic file (type pdf)
<use _enemy_8h__incl.pdf>
Package pdftex.def Info: _enemy_8h__incl.pdf  used on input line 16.
(pdftex.def)             Requested size: 350.0pt x 200.69939pt.
 [32] <./_enemy_8h__dep__incl.pdf>
<_enemy_8h__dep__incl.pdf, id=557, 253.94875pt x 212.795pt>
File: _enemy_8h__dep__incl.pdf Graphic file (type pdf)
<use _enemy_8h__dep__incl.pdf>
Package pdftex.def Info: _enemy_8h__dep__incl.pdf  used on input line 23.
(pdftex.def)             Requested size: 253.0pt x 212.00868pt.
) (_entity_8cpp.tex [33] <./_entity_8cpp__incl.pdf>
<_entity_8cpp__incl.pdf, id=570, 755.82375pt x 381.425pt>
File: _entity_8cpp__incl.pdf Graphic file (type pdf)
<use _entity_8cpp__incl.pdf>
Package pdftex.def Info: _entity_8cpp__incl.pdf  used on input line 13.
(pdftex.def)             Requested size: 350.0pt x 176.62746pt.
) (_entity_8h.tex <./_entity_8h__incl.pdf

pdfTeX warning: pdflatex (file ./_entity_8h__incl.pdf): PDF inclusion: multiple
 pdfs with page group included in a single page
>
<_entity_8h__incl.pdf, id=579, 755.82375pt x 325.215pt>
File: _entity_8h__incl.pdf Graphic file (type pdf)
<use _entity_8h__incl.pdf>
Package pdftex.def Info: _entity_8h__incl.pdf  used on input line 20.
(pdftex.def)             Requested size: 350.0pt x 150.59814pt.
 [34] <./_entity_8h__dep__incl.pdf>
<_entity_8h__dep__incl.pdf, id=592, 694.595pt x 493.845pt>
File: _entity_8h__dep__incl.pdf Graphic file (type pdf)
<use _entity_8h__dep__incl.pdf>
Package pdftex.def Info: _entity_8h__dep__incl.pdf  used on input line 27.
(pdftex.def)             Requested size: 350.0pt x 248.85097pt.
) (enums_8h.tex <./enums_8h__dep__incl.pdf

pdfTeX warning: pdflatex (file ./enums_8h__dep__incl.pdf): PDF inclusion: multi
ple pdfs with page group included in a single page
>
<enums_8h__dep__incl.pdf, id=601, 886.31125pt x 718.685pt>
File: enums_8h__dep__incl.pdf Graphic file (type pdf)
<use enums_8h__dep__incl.pdf>
Package pdftex.def Info: enums_8h__dep__incl.pdf  used on input line 12.
(pdftex.def)             Requested size: 350.0pt x 283.80618pt.
 [35]) (_event_8cpp.tex <./_event_8cpp__incl.pdf>
<_event_8cpp__incl.pdf, id=614, 891.33pt x 606.265pt>
File: _event_8cpp__incl.pdf Graphic file (type pdf)
<use _event_8cpp__incl.pdf>
Package pdftex.def Info: _event_8cpp__incl.pdf  used on input line 13.
(pdftex.def)             Requested size: 350.0pt x 238.0613pt.
 [36]) (_event_8h.tex <./_event_8h__incl.pdf>
<_event_8h__incl.pdf, id=627, 891.33pt x 551.05875pt>
File: _event_8h__incl.pdf Graphic file (type pdf)
<use _event_8h__incl.pdf>
Package pdftex.def Info: _event_8h__incl.pdf  used on input line 19.
(pdftex.def)             Requested size: 350.0pt x 216.38351pt.
 [37] <./_event_8h__dep__incl.pdf>
<_event_8h__dep__incl.pdf, id=641, 323.2075pt x 269.005pt>
File: _event_8h__dep__incl.pdf Graphic file (type pdf)
<use _event_8h__dep__incl.pdf>
Package pdftex.def Info: _event_8h__dep__incl.pdf  used on input line 26.
(pdftex.def)             Requested size: 322.0pt x 268.01509pt.
) (_event_instance_8cpp.tex
[38] <./_event_instance_8cpp__incl.pdf>
<_event_instance_8cpp__incl.pdf, id=654, 943.525pt x 718.685pt>
File: _event_instance_8cpp__incl.pdf Graphic file (type pdf)
<use _event_instance_8cpp__incl.pdf>
Package pdftex.def Info: _event_instance_8cpp__incl.pdf  used on input line 13.

(pdftex.def)             Requested size: 350.0pt x 266.60016pt.
) (_event_instance_8h.tex <./_event_instance_8h__incl.pdf

pdfTeX warning: pdflatex (file ./_event_instance_8h__incl.pdf): PDF inclusion: 
multiple pdfs with page group included in a single page
>
<_event_instance_8h__incl.pdf, id=663, 943.525pt x 662.475pt>
File: _event_instance_8h__incl.pdf Graphic file (type pdf)
<use _event_instance_8h__incl.pdf>
Package pdftex.def Info: _event_instance_8h__incl.pdf  used on input line 15.
(pdftex.def)             Requested size: 350.0pt x 245.74875pt.
 [39] <./_event_instance_8h__dep__incl.pdf>
<_event_instance_8h__dep__incl.pdf, id=676, 176.66pt x 156.585pt>
File: _event_instance_8h__dep__incl.pdf Graphic file (type pdf)
<use _event_instance_8h__dep__incl.pdf>
Package pdftex.def Info: _event_instance_8h__dep__incl.pdf  used on input line 
22.
(pdftex.def)             Requested size: 176.0pt x 156.00162pt.
) (_fight_instance_8cpp.tex <./_fight_instance_8cpp__incl.pdf

pdfTeX warning: pdflatex (file ./_fight_instance_8cpp__incl.pdf): PDF inclusion
: multiple pdfs with page group included in a single page
>
<_fight_instance_8cpp__incl.pdf, id=685, 808.01875pt x 606.265pt>
File: _fight_instance_8cpp__incl.pdf Graphic file (type pdf)
<use _fight_instance_8cpp__incl.pdf>
Package pdftex.def Info: _fight_instance_8cpp__incl.pdf  used on input line 13.

(pdftex.def)             Requested size: 350.0pt x 262.61304pt.
 [40]) (_fight_instance_8h.tex <./_fight_instance_8h__incl.pdf>
<_fight_instance_8h__incl.pdf, id=698, 808.01875pt x 550.055pt>
File: _fight_instance_8h__incl.pdf Graphic file (type pdf)
<use _fight_instance_8h__incl.pdf>
Package pdftex.def Info: _fight_instance_8h__incl.pdf  used on input line 15.
(pdftex.def)             Requested size: 350.0pt x 238.26482pt.
 [41] <./_fight_instance_8h__dep__incl.pdf>
<_fight_instance_8h__dep__incl.pdf, id=711, 174.6525pt x 156.585pt>
File: _fight_instance_8h__dep__incl.pdf Graphic file (type pdf)
<use _fight_instance_8h__dep__incl.pdf>
Package pdftex.def Info: _fight_instance_8h__dep__incl.pdf  used on input line 
22.
(pdftex.def)             Requested size: 174.0pt x 156.00879pt.
) (_gen_d_m_g_upgrade_8cpp.tex <./_gen_d_m_g_upgrade_8cpp__incl.pdf

pdfTeX warning: pdflatex (file ./_gen_d_m_g_upgrade_8cpp__incl.pdf): PDF inclus
ion: multiple pdfs with page group included in a single page
>
<_gen_d_m_g_upgrade_8cpp__incl.pdf, id=720, 891.33pt x 662.475pt>
File: _gen_d_m_g_upgrade_8cpp__incl.pdf Graphic file (type pdf)
<use _gen_d_m_g_upgrade_8cpp__incl.pdf>
Package pdftex.def Info: _gen_d_m_g_upgrade_8cpp__incl.pdf  used on input line 
13.
(pdftex.def)             Requested size: 350.0pt x 260.13321pt.
 [42]) (_gen_d_m_g_upgrade_8h.tex <./_gen_d_m_g_upgrade_8h__incl.pdf>
<_gen_d_m_g_upgrade_8h__incl.pdf, id=733, 891.33pt x 606.265pt>
File: _gen_d_m_g_upgrade_8h__incl.pdf Graphic file (type pdf)
<use _gen_d_m_g_upgrade_8h__incl.pdf>
Package pdftex.def Info: _gen_d_m_g_upgrade_8h__incl.pdf  used on input line 13
.
(pdftex.def)             Requested size: 350.0pt x 238.0613pt.
 [43] <./_gen_d_m_g_upgrade_8h__dep__incl.pdf>
<_gen_d_m_g_upgrade_8h__dep__incl.pdf, id=747, 302.12875pt x 212.795pt>
File: _gen_d_m_g_upgrade_8h__dep__incl.pdf Graphic file (type pdf)
<use _gen_d_m_g_upgrade_8h__dep__incl.pdf>
Package pdftex.def Info: _gen_d_m_g_upgrade_8h__dep__incl.pdf  used on input li
ne 20.
(pdftex.def)             Requested size: 301.0pt x 211.99895pt.
) (_health_bar_8cpp.tex [44] <./_health_bar_8cpp__incl.pdf>
<_health_bar_8cpp__incl.pdf, id=760, 733.74126pt x 325.215pt>
File: _health_bar_8cpp__incl.pdf Graphic file (type pdf)
<use _health_bar_8cpp__incl.pdf>
Package pdftex.def Info: _health_bar_8cpp__incl.pdf  used on input line 13.
(pdftex.def)             Requested size: 350.0pt x 155.13376pt.
) (_health_bar_8h.tex <./_health_bar_8h__incl.pdf

pdfTeX warning: pdflatex (file ./_health_bar_8h__incl.pdf): PDF inclusion: mult
iple pdfs with page group included in a single page
>
<_health_bar_8h__incl.pdf, id=769, 733.74126pt x 269.005pt>
File: _health_bar_8h__incl.pdf Graphic file (type pdf)
<use _health_bar_8h__incl.pdf>
Package pdftex.def Info: _health_bar_8h__incl.pdf  used on input line 15.
(pdftex.def)             Requested size: 350.0pt x 128.32051pt.
 <./_health_bar_8h__dep__incl.pdf

pdfTeX warning: pdflatex (file ./_health_bar_8h__dep__incl.pdf): PDF inclusion:
 multiple pdfs with page group included in a single page
>
<_health_bar_8h__dep__incl.pdf, id=778, 694.595pt x 550.055pt>
File: _health_bar_8h__dep__incl.pdf Graphic file (type pdf)
<use _health_bar_8h__dep__incl.pdf>
Package pdftex.def Info: _health_bar_8h__dep__incl.pdf  used on input line 22.
(pdftex.def)             Requested size: 350.0pt x 277.17546pt.
 [45]) (_melee_attack_8cpp.tex <./_melee_attack_8cpp__incl.pdf>
<_melee_attack_8cpp__incl.pdf, id=791, 805.0075pt x 493.845pt>
File: _melee_attack_8cpp__incl.pdf Graphic file (type pdf)
<use _melee_attack_8cpp__incl.pdf>
Package pdftex.def Info: _melee_attack_8cpp__incl.pdf  used on input line 13.
(pdftex.def)             Requested size: 350.0pt x 214.7078pt.
 [46])
(_melee_attack_8h.tex <./_melee_attack_8h__incl.pdf>
<_melee_attack_8h__incl.pdf, id=804, 805.0075pt x 437.635pt>
File: _melee_attack_8h__incl.pdf Graphic file (type pdf)
<use _melee_attack_8h__incl.pdf>
Package pdftex.def Info: _melee_attack_8h__incl.pdf  used on input line 13.
(pdftex.def)             Requested size: 350.0pt x 190.26952pt.
 <./_melee_attack_8h__dep__incl.pdf

pdfTeX warning: pdflatex (file ./_melee_attack_8h__dep__incl.pdf): PDF inclusio
n: multiple pdfs with page group included in a single page
>
<_melee_attack_8h__dep__incl.pdf, id=813, 492.84125pt x 381.425pt>
File: _melee_attack_8h__dep__incl.pdf Graphic file (type pdf)
<use _melee_attack_8h__dep__incl.pdf>
Package pdftex.def Info: _melee_attack_8h__dep__incl.pdf  used on input line 20
.
(pdftex.def)             Requested size: 350.0pt x 270.8893pt.
 [47]) (_player_8cpp.tex <./_player_8cpp__incl.pdf>
<_player_8cpp__incl.pdf, id=826, 917.4275pt x 550.055pt>
File: _player_8cpp__incl.pdf Graphic file (type pdf)
<use _player_8cpp__incl.pdf>
Package pdftex.def Info: _player_8cpp__incl.pdf  used on input line 13.
(pdftex.def)             Requested size: 350.0pt x 209.8456pt.
 [48]) (_player_8h.tex <./_player_8h__incl.pdf>
<_player_8h__incl.pdf, id=839, 917.4275pt x 493.845pt>
File: _player_8h__incl.pdf Graphic file (type pdf)
<use _player_8h__incl.pdf>
Package pdftex.def Info: _player_8h__incl.pdf  used on input line 17.
(pdftex.def)             Requested size: 350.0pt x 188.40152pt.
 <./_player_8h__dep__incl.pdf

pdfTeX warning: pdflatex (file ./_player_8h__dep__incl.pdf): PDF inclusion: mul
tiple pdfs with page group included in a single page
>
<_player_8h__dep__incl.pdf, id=848, 480.79625pt x 325.215pt>
File: _player_8h__dep__incl.pdf Graphic file (type pdf)
<use _player_8h__dep__incl.pdf>
Package pdftex.def Info: _player_8h__dep__incl.pdf  used on input line 24.
(pdftex.def)             Requested size: 350.0pt x 236.74994pt.
 [49]) (_random_8cpp.tex <./_random_8cpp__incl.pdf>
<_random_8cpp__incl.pdf, id=862, 151.56625pt x 212.795pt>
File: _random_8cpp__incl.pdf Graphic file (type pdf)
<use _random_8cpp__incl.pdf>
Package pdftex.def Info: _random_8cpp__incl.pdf  used on input line 13.
(pdftex.def)             Requested size: 151.0pt x 212.0022pt.

Underfull \vbox (badness 1248) has occurred while \output is active []

 [50])
(_random_8h.tex <./_random_8h__incl.pdf>
<_random_8h__incl.pdf, id=875, 141.52875pt x 156.585pt>
File: _random_8h__incl.pdf Graphic file (type pdf)
<use _random_8h__incl.pdf>
Package pdftex.def Info: _random_8h__incl.pdf  used on input line 13.
(pdftex.def)             Requested size: 141.0pt x 156.01357pt.
 <./_random_8h__dep__incl.pdf

pdfTeX warning: pdflatex (file ./_random_8h__dep__incl.pdf): PDF inclusion: mul
tiple pdfs with page group included in a single page
>
<_random_8h__dep__incl.pdf, id=884, 721.69624pt x 493.845pt>
File: _random_8h__dep__incl.pdf Graphic file (type pdf)
<use _random_8h__dep__incl.pdf>
Package pdftex.def Info: _random_8h__dep__incl.pdf  used on input line 20.
(pdftex.def)             Requested size: 350.0pt x 239.49945pt.
 [51]) (_skill_8cpp.tex <./_skill_8cpp__incl.pdf>
<_skill_8cpp__incl.pdf, id=897, 805.0075pt x 437.635pt>
File: _skill_8cpp__incl.pdf Graphic file (type pdf)
<use _skill_8cpp__incl.pdf>
Package pdftex.def Info: _skill_8cpp__incl.pdf  used on input line 13.
(pdftex.def)             Requested size: 350.0pt x 190.26952pt.
 [52]) (_skill_8h.tex <./_skill_8h__incl.pdf>
<_skill_8h__incl.pdf, id=910, 805.0075pt x 381.425pt>
File: _skill_8h__incl.pdf Graphic file (type pdf)
<use _skill_8h__incl.pdf>
Package pdftex.def Info: _skill_8h__incl.pdf  used on input line 16.
(pdftex.def)             Requested size: 350.0pt x 165.83122pt.
 <./_skill_8h__dep__incl.pdf

pdfTeX warning: pdflatex (file ./_skill_8h__dep__incl.pdf): PDF inclusion: mult
iple pdfs with page group included in a single page
>
<_skill_8h__dep__incl.pdf, id=919, 636.3775pt x 437.635pt>
File: _skill_8h__dep__incl.pdf Graphic file (type pdf)
<use _skill_8h__dep__incl.pdf>
Package pdftex.def Info: _skill_8h__dep__incl.pdf  used on input line 23.
(pdftex.def)             Requested size: 350.0pt x 240.69331pt.
 [53]) (_stats_8h.tex <./_stats_8h__incl.pdf>
<_stats_8h__incl.pdf, id=932, 128.48pt x 156.585pt>
File: _stats_8h__incl.pdf Graphic file (type pdf)
<use _stats_8h__incl.pdf>
Package pdftex.def Info: _stats_8h__incl.pdf  used on input line 13.
(pdftex.def)             Requested size: 128.0pt x 156.01117pt.
 <./_stats_8h__dep__incl.pdf

pdfTeX warning: pdflatex (file ./_stats_8h__dep__incl.pdf): PDF inclusion: mult
iple pdfs with page group included in a single page
>
<_stats_8h__dep__incl.pdf, id=941, 694.595pt x 606.265pt>
File: _stats_8h__dep__incl.pdf Graphic file (type pdf)
<use _stats_8h__dep__incl.pdf>
Package pdftex.def Info: _stats_8h__dep__incl.pdf  used on input line 20.
(pdftex.def)             Requested size: 350.0pt x 305.49997pt.

Underfull \vbox (badness 4805) has occurred while \output is active []

 [54])
(_status_8h.tex <./_status_8h__incl.pdf>
<_status_8h__incl.pdf, id=954, 133.49875pt x 156.585pt>
File: _status_8h__incl.pdf Graphic file (type pdf)
<use _status_8h__incl.pdf>
Package pdftex.def Info: _status_8h__incl.pdf  used on input line 13.
(pdftex.def)             Requested size: 133.0pt x 156.01595pt.
 [55] <./_status_8h__dep__incl.pdf>
<_status_8h__dep__incl.pdf, id=968, 694.595pt x 550.055pt>
File: _status_8h__dep__incl.pdf Graphic file (type pdf)
<use _status_8h__dep__incl.pdf>
Package pdftex.def Info: _status_8h__dep__incl.pdf  used on input line 20.
(pdftex.def)             Requested size: 350.0pt x 277.17546pt.
)
(_unit_frame_8cpp.tex [56] <./_unit_frame_8cpp__incl.pdf>
<_unit_frame_8cpp__incl.pdf, id=981, 732.7375pt x 269.005pt>
File: _unit_frame_8cpp__incl.pdf Graphic file (type pdf)
<use _unit_frame_8cpp__incl.pdf>
Package pdftex.def Info: _unit_frame_8cpp__incl.pdf  used on input line 13.
(pdftex.def)             Requested size: 350.0pt x 128.4929pt.
) (_unit_frame_8h.tex <./_unit_frame_8h__incl.pdf

pdfTeX warning: pdflatex (file ./_unit_frame_8h__incl.pdf): PDF inclusion: mult
iple pdfs with page group included in a single page
>
<_unit_frame_8h__incl.pdf, id=990, 732.7375pt x 212.795pt>
File: _unit_frame_8h__incl.pdf Graphic file (type pdf)
<use _unit_frame_8h__incl.pdf>
Package pdftex.def Info: _unit_frame_8h__incl.pdf  used on input line 14.
(pdftex.def)             Requested size: 350.0pt x 101.64363pt.
 <./_unit_frame_8h__dep__incl.pdf

pdfTeX warning: pdflatex (file ./_unit_frame_8h__dep__incl.pdf): PDF inclusion:
 multiple pdfs with page group included in a single page
>
<_unit_frame_8h__dep__incl.pdf, id=999, 722.7pt x 606.265pt>
File: _unit_frame_8h__dep__incl.pdf Graphic file (type pdf)
<use _unit_frame_8h__dep__incl.pdf>
Package pdftex.def Info: _unit_frame_8h__dep__incl.pdf  used on input line 21.
(pdftex.def)             Requested size: 350.0pt x 293.61263pt.
 [57]) (_vampire_attack_8cpp.tex <./_vampire_attack_8cpp__incl.pdf>
<_vampire_attack_8cpp__incl.pdf, id=1012, 805.0075pt x 493.845pt>
File: _vampire_attack_8cpp__incl.pdf Graphic file (type pdf)
<use _vampire_attack_8cpp__incl.pdf>
Package pdftex.def Info: _vampire_attack_8cpp__incl.pdf  used on input line 13.

(pdftex.def)             Requested size: 350.0pt x 214.7078pt.
 [58])
(_vampire_attack_8h.tex <./_vampire_attack_8h__incl.pdf>
<_vampire_attack_8h__incl.pdf, id=1025, 805.0075pt x 437.635pt>
File: _vampire_attack_8h__incl.pdf Graphic file (type pdf)
<use _vampire_attack_8h__incl.pdf>
Package pdftex.def Info: _vampire_attack_8h__incl.pdf  used on input line 13.
(pdftex.def)             Requested size: 350.0pt x 190.26952pt.
 <./_vampire_attack_8h__dep__incl.pdf

pdfTeX warning: pdflatex (file ./_vampire_attack_8h__dep__incl.pdf): PDF inclus
ion: multiple pdfs with page group included in a single page
>
<_vampire_attack_8h__dep__incl.pdf, id=1034, 492.84125pt x 381.425pt>
File: _vampire_attack_8h__dep__incl.pdf Graphic file (type pdf)
<use _vampire_attack_8h__dep__incl.pdf>
Package pdftex.def Info: _vampire_attack_8h__dep__incl.pdf  used on input line 
20.
(pdftex.def)             Requested size: 350.0pt x 270.8893pt.
 [59]) [60] (refman.ind [61



]) (refman.aux)

LaTeX Warning: There were undefined references.

 ) 
Here is how much of TeX's memory you used:
 10530 strings out of 479334
 180492 string characters out of 2857084
 484341 words of memory out of 3000000
 27617 multiletter control sequences out of 15000+200000
 443795 words of font info for 70 fonts, out of 3000000 for 9000
 1141 hyphenation exceptions out of 8191
 112i,16n,117p,465b,341s stack positions out of 5000i,500n,10000p,200000b,50000s
{C:/Users/jakla/AppData/Local/Programs/MiKTeX/fonts/enc/dvips/base/8r.enc}<C:
/Users/jakla/AppData/Local/Programs/MiKTeX/fonts/type1/public/amsfonts/cm/cmmi1
0.pfb><C:/Users/jakla/AppData/Local/Programs/MiKTeX/fonts/type1/public/amsfonts
/cm/cmsy10.pfb><C:/Users/jakla/AppData/Local/Programs/MiKTeX/fonts/type1/urw/co
urier/ucrr8a.pfb><C:/Users/jakla/AppData/Local/Programs/MiKTeX/fonts/type1/urw/
helvetic/uhvb8a.pfb><C:/Users/jakla/AppData/Local/Programs/MiKTeX/fonts/type1/u
rw/helvetic/uhvb8ac.pfb><C:/Users/jakla/AppData/Local/Programs/MiKTeX/fonts/typ
e1/urw/helvetic/uhvr8a.pfb>
Output written on refman.pdf (67 pages, 1750411 bytes).
PDF statistics:
 1078 PDF objects out of 1200 (max. 8388607)
 0 named destinations out of 1000 (max. 500000)
 436 words of extra memory for PDF output out of 10000 (max. 10000000)

