  BleedAttack.cpp
C:\Users\jakla\OneDrive\Dokumenty\GitHub\sfml_rpg\sfml_rpg\sfml_rpg\Stats.h(13,2): warning C4091: "typedef ": zignorowano na lewo od "Stats" podczas gdy brak deklaracji zmiennej
C:\Users\jakla\OneDrive\Dokumenty\GitHub\sfml_rpg\sfml_rpg\sfml_rpg\Entity.h(6,10): warning C4067: nieoczekiwane tokeny występujące po dyrektywie preprocesora - oczekiwano nowego wiersza
C:\Users\jakla\OneDrive\Dokumenty\GitHub\sfml_rpg\sfml_rpg\sfml_rpg\HealthBar.h(5,10): warning C4067: nieoczekiwane tokeny występujące po dyrektywie preprocesora - oczekiwano nowego wiersza
  Enemy.cpp
C:\Users\jakla\OneDrive\Dokumenty\GitHub\sfml_rpg\sfml_rpg\sfml_rpg\Status.h(10,2): warning C4091: "typedef ": zignorowano na lewo od "Status" podczas gdy brak deklaracji zmiennej
C:\Users\jakla\OneDrive\Dokumenty\GitHub\sfml_rpg\sfml_rpg\sfml_rpg\Stats.h(13,2): warning C4091: "typedef ": zignorowano na lewo od "Stats" podczas gdy brak deklaracji zmiennej
C:\Users\jakla\OneDrive\Dokumenty\GitHub\sfml_rpg\sfml_rpg\sfml_rpg\Entity.h(6,10): warning C4067: nieoczekiwane tokeny występujące po dyrektywie preprocesora - oczekiwano nowego wiersza
C:\Users\jakla\OneDrive\Dokumenty\GitHub\sfml_rpg\sfml_rpg\sfml_rpg\HealthBar.h(5,10): warning C4067: nieoczekiwane tokeny występujące po dyrektywie preprocesora - oczekiwano nowego wiersza
  Entity.cpp
C:\Users\jakla\OneDrive\Dokumenty\GitHub\sfml_rpg\sfml_rpg\sfml_rpg\Status.h(10,2): warning C4091: "typedef ": zignorowano na lewo od "Status" podczas gdy brak deklaracji zmiennej
C:\Users\jakla\OneDrive\Dokumenty\GitHub\sfml_rpg\sfml_rpg\sfml_rpg\Stats.h(13,2): warning C4091: "typedef ": zignorowano na lewo od "Stats" podczas gdy brak deklaracji zmiennej
C:\Users\jakla\OneDrive\Dokumenty\GitHub\sfml_rpg\sfml_rpg\sfml_rpg\Entity.h(6,10): warning C4067: nieoczekiwane tokeny występujące po dyrektywie preprocesora - oczekiwano nowego wiersza
C:\Users\jakla\OneDrive\Dokumenty\GitHub\sfml_rpg\sfml_rpg\sfml_rpg\HealthBar.h(5,10): warning C4067: nieoczekiwane tokeny występujące po dyrektywie preprocesora - oczekiwano nowego wiersza
C:\Users\jakla\OneDrive\Dokumenty\GitHub\sfml_rpg\sfml_rpg\sfml_rpg\Status.h(10,2): warning C4091: "typedef ": zignorowano na lewo od "Status" podczas gdy brak deklaracji zmiennej
C:\Users\jakla\OneDrive\Dokumenty\GitHub\sfml_rpg\sfml_rpg\sfml_rpg\Entity.cpp(43,10): warning C4244: "inicjowanie": konwersja z "int" do "float", możliwa utrata danych
  FightInstance.cpp
C:\Users\jakla\OneDrive\Dokumenty\GitHub\sfml_rpg\sfml_rpg\sfml_rpg\Entity.cpp(53,20): warning C4018: "<": niezgodność typu ze znakiem/bez znaku
C:\Users\jakla\OneDrive\Dokumenty\GitHub\sfml_rpg\sfml_rpg\sfml_rpg\Stats.h(13,2): warning C4091: "typedef ": zignorowano na lewo od "Stats" podczas gdy brak deklaracji zmiennej
C:\Users\jakla\OneDrive\Dokumenty\GitHub\sfml_rpg\sfml_rpg\sfml_rpg\Entity.h(6,10): warning C4067: nieoczekiwane tokeny występujące po dyrektywie preprocesora - oczekiwano nowego wiersza
C:\Users\jakla\OneDrive\Dokumenty\GitHub\sfml_rpg\sfml_rpg\sfml_rpg\HealthBar.h(5,10): warning C4067: nieoczekiwane tokeny występujące po dyrektywie preprocesora - oczekiwano nowego wiersza
C:\Users\jakla\OneDrive\Dokumenty\GitHub\sfml_rpg\sfml_rpg\sfml_rpg\Status.h(10,2): warning C4091: "typedef ": zignorowano na lewo od "Status" podczas gdy brak deklaracji zmiennej
  MeleeAttack.cpp
C:\Users\jakla\OneDrive\Dokumenty\GitHub\sfml_rpg\sfml_rpg\sfml_rpg\FightInstance.cpp(127,13): error C2064: funkcja przyjmująca 3 argumentów nie jest wynikiem przetworzenia termu
C:\Users\jakla\OneDrive\Dokumenty\GitHub\sfml_rpg\sfml_rpg\sfml_rpg\Stats.h(13,2): warning C4091: "typedef ": zignorowano na lewo od "Stats" podczas gdy brak deklaracji zmiennej
C:\Users\jakla\OneDrive\Dokumenty\GitHub\sfml_rpg\sfml_rpg\sfml_rpg\Entity.h(6,10): warning C4067: nieoczekiwane tokeny występujące po dyrektywie preprocesora - oczekiwano nowego wiersza
C:\Users\jakla\OneDrive\Dokumenty\GitHub\sfml_rpg\sfml_rpg\sfml_rpg\HealthBar.h(5,10): warning C4067: nieoczekiwane tokeny występujące po dyrektywie preprocesora - oczekiwano nowego wiersza
  Player.cpp
C:\Users\jakla\OneDrive\Dokumenty\GitHub\sfml_rpg\sfml_rpg\sfml_rpg\Status.h(10,2): warning C4091: "typedef ": zignorowano na lewo od "Status" podczas gdy brak deklaracji zmiennej
C:\Users\jakla\OneDrive\Dokumenty\GitHub\sfml_rpg\sfml_rpg\sfml_rpg\Stats.h(13,2): warning C4091: "typedef ": zignorowano na lewo od "Stats" podczas gdy brak deklaracji zmiennej
C:\Users\jakla\OneDrive\Dokumenty\GitHub\sfml_rpg\sfml_rpg\sfml_rpg\Entity.h(6,10): warning C4067: nieoczekiwane tokeny występujące po dyrektywie preprocesora - oczekiwano nowego wiersza
C:\Users\jakla\OneDrive\Dokumenty\GitHub\sfml_rpg\sfml_rpg\sfml_rpg\HealthBar.h(5,10): warning C4067: nieoczekiwane tokeny występujące po dyrektywie preprocesora - oczekiwano nowego wiersza
  Skill.cpp
C:\Users\jakla\OneDrive\Dokumenty\GitHub\sfml_rpg\sfml_rpg\sfml_rpg\Status.h(10,2): warning C4091: "typedef ": zignorowano na lewo od "Status" podczas gdy brak deklaracji zmiennej
C:\Users\jakla\OneDrive\Dokumenty\GitHub\sfml_rpg\sfml_rpg\sfml_rpg\Stats.h(13,2): warning C4091: "typedef ": zignorowano na lewo od "Stats" podczas gdy brak deklaracji zmiennej
C:\Users\jakla\OneDrive\Dokumenty\GitHub\sfml_rpg\sfml_rpg\sfml_rpg\Entity.h(6,10): warning C4067: nieoczekiwane tokeny występujące po dyrektywie preprocesora - oczekiwano nowego wiersza
C:\Users\jakla\OneDrive\Dokumenty\GitHub\sfml_rpg\sfml_rpg\sfml_rpg\HealthBar.h(5,10): warning C4067: nieoczekiwane tokeny występujące po dyrektywie preprocesora - oczekiwano nowego wiersza
  VampireAttack.cpp
C:\Users\jakla\OneDrive\Dokumenty\GitHub\sfml_rpg\sfml_rpg\sfml_rpg\Status.h(10,2): warning C4091: "typedef ": zignorowano na lewo od "Status" podczas gdy brak deklaracji zmiennej
C:\Users\jakla\OneDrive\Dokumenty\GitHub\sfml_rpg\sfml_rpg\sfml_rpg\Stats.h(13,2): warning C4091: "typedef ": zignorowano na lewo od "Stats" podczas gdy brak deklaracji zmiennej
C:\Users\jakla\OneDrive\Dokumenty\GitHub\sfml_rpg\sfml_rpg\sfml_rpg\Entity.h(6,10): warning C4067: nieoczekiwane tokeny występujące po dyrektywie preprocesora - oczekiwano nowego wiersza
C:\Users\jakla\OneDrive\Dokumenty\GitHub\sfml_rpg\sfml_rpg\sfml_rpg\HealthBar.h(5,10): warning C4067: nieoczekiwane tokeny występujące po dyrektywie preprocesora - oczekiwano nowego wiersza
  gameFunctions.cpp
C:\Users\jakla\OneDrive\Dokumenty\GitHub\sfml_rpg\sfml_rpg\sfml_rpg\Status.h(10,2): warning C4091: "typedef ": zignorowano na lewo od "Status" podczas gdy brak deklaracji zmiennej
C:\Users\jakla\OneDrive\Dokumenty\GitHub\sfml_rpg\sfml_rpg\sfml_rpg\Stats.h(13,2): warning C4091: "typedef ": zignorowano na lewo od "Stats" podczas gdy brak deklaracji zmiennej
C:\Users\jakla\OneDrive\Dokumenty\GitHub\sfml_rpg\sfml_rpg\sfml_rpg\Entity.h(6,10): warning C4067: nieoczekiwane tokeny występujące po dyrektywie preprocesora - oczekiwano nowego wiersza
C:\Users\jakla\OneDrive\Dokumenty\GitHub\sfml_rpg\sfml_rpg\sfml_rpg\HealthBar.h(5,10): warning C4067: nieoczekiwane tokeny występujące po dyrektywie preprocesora - oczekiwano nowego wiersza
  main.cpp
C:\Users\jakla\OneDrive\Dokumenty\GitHub\sfml_rpg\sfml_rpg\sfml_rpg\Status.h(10,2): warning C4091: "typedef ": zignorowano na lewo od "Status" podczas gdy brak deklaracji zmiennej
C:\Users\jakla\OneDrive\Dokumenty\GitHub\sfml_rpg\sfml_rpg\sfml_rpg\Stats.h(13,2): warning C4091: "typedef ": zignorowano na lewo od "Stats" podczas gdy brak deklaracji zmiennej
C:\Users\jakla\OneDrive\Dokumenty\GitHub\sfml_rpg\sfml_rpg\sfml_rpg\Entity.h(6,10): warning C4067: nieoczekiwane tokeny występujące po dyrektywie preprocesora - oczekiwano nowego wiersza
C:\Users\jakla\OneDrive\Dokumenty\GitHub\sfml_rpg\sfml_rpg\sfml_rpg\HealthBar.h(5,10): warning C4067: nieoczekiwane tokeny występujące po dyrektywie preprocesora - oczekiwano nowego wiersza
  Generowanie kodu...
C:\Users\jakla\OneDrive\Dokumenty\GitHub\sfml_rpg\sfml_rpg\sfml_rpg\Status.h(10,2): warning C4091: "typedef ": zignorowano na lewo od "Status" podczas gdy brak deklaracji zmiennej
